<?xml version="1.0" encoding="UTF-8"?>
<robot generator="Robot 3.0.4 (Python 3.6.5 on darwin)" generated="20190221 11:54:35.438">
<suite id="s1" name="Checkin" source="/Users/spartar/Documents/ProjectApplication/test1/e2e/checkin.robot">
<test id="s1-t1" name="test mainpage">
<kw name="Open Browser" library="Selenium2Library">
<doc>Opens a new browser instance to the given ``url``.</doc>
<arguments>
<arg>http://localhost:3001/</arg>
<arg>chrome</arg>
</arguments>
<msg timestamp="20190221 11:54:35.603" level="INFO">Opening browser 'chrome' to base url 'http://localhost:3001/'.</msg>
<status status="PASS" starttime="20190221 11:54:35.602" endtime="20190221 11:54:39.344"></status>
</kw>
<kw name="Location Should Be" library="Selenium2Library">
<doc>Verifies that current URL is exactly ``url``.</doc>
<arguments>
<arg>http://localhost:3001/</arg>
</arguments>
<msg timestamp="20190221 11:54:39.378" level="INFO">Current location is 'http://localhost:3001/'.</msg>
<status status="PASS" starttime="20190221 11:54:39.345" endtime="20190221 11:54:39.378"></status>
</kw>
<kw name="h1 Should Be">
<arguments>
<arg>My Product Store</arg>
</arguments>
<msg timestamp="20190221 11:54:39.386" level="FAIL">No keyword with name 'h1 Should Be' found.</msg>
<status status="FAIL" starttime="20190221 11:54:39.386" endtime="20190221 11:54:39.386"></status>
</kw>
<status status="FAIL" starttime="20190221 11:54:35.601" endtime="20190221 11:54:39.386" critical="yes">No keyword with name 'h1 Should Be' found.</status>
</test>
<status status="FAIL" starttime="20190221 11:54:35.441" endtime="20190221 11:54:39.388"></status>
</suite>
<statistics>
<total>
<stat pass="0" fail="1">Critical Tests</stat>
<stat pass="0" fail="1">All Tests</stat>
</total>
<tag>
</tag>
<suite>
<stat pass="0" fail="1" id="s1" name="Checkin">Checkin</stat>
</suite>
</statistics>
<errors>
</errors>
</robot>
