<?xml version="1.0" encoding="UTF-8"?>
<robot generator="Robot 3.0.4 (Python 3.6.5 on darwin)" generated="20190222 15:09:53.121">
<suite id="s1" name="Checkin" source="/Users/spartar/Documents/ProjectApplication/test1/cartacking/e2e/checkin.robot">
<test id="s1-t1" name="test clickcheckin">
<kw name="Open Browser" library="Selenium2Library">
<doc>Opens a new browser instance to the given ``url``.</doc>
<arguments>
<arg>http://localhost:3000/</arg>
<arg>chrome</arg>
</arguments>
<msg timestamp="20190222 15:09:53.538" level="INFO">Opening browser 'chrome' to base url 'http://localhost:3000/'.</msg>
<status status="PASS" starttime="20190222 15:09:53.526" endtime="20190222 15:09:58.657"></status>
</kw>
<kw name="Location Should Be" library="Selenium2Library">
<doc>Verifies that current URL is exactly ``url``.</doc>
<arguments>
<arg>http://localhost:3000/</arg>
</arguments>
<msg timestamp="20190222 15:09:58.680" level="INFO">Current location is 'http://localhost:3000/'.</msg>
<status status="PASS" starttime="20190222 15:09:58.662" endtime="20190222 15:09:58.680"></status>
</kw>
<kw name="Click Element" library="Selenium2Library">
<doc>Click element identified by ``locator``.</doc>
<arguments>
<arg>checkin</arg>
</arguments>
<msg timestamp="20190222 15:09:58.682" level="INFO">Clicking element 'checkin'.</msg>
<status status="PASS" starttime="20190222 15:09:58.681" endtime="20190222 15:09:58.957"></status>
</kw>
<kw name="Wait Until Page Contains Element" library="Selenium2Library">
<doc>Waits until element ``locator`` appears on current page.</doc>
<arguments>
<arg>fromSubmit</arg>
</arguments>
<status status="PASS" starttime="20190222 15:09:58.957" endtime="20190222 15:09:59.006"></status>
</kw>
<kw name="Wait Until Page Contains Element" library="Selenium2Library">
<doc>Waits until element ``locator`` appears on current page.</doc>
<arguments>
<arg>InputRe</arg>
</arguments>
<status status="PASS" starttime="20190222 15:09:59.006" endtime="20190222 15:09:59.025"></status>
</kw>
<kw name="Wait Until Page Contains Element" library="Selenium2Library">
<doc>Waits until element ``locator`` appears on current page.</doc>
<arguments>
<arg>InputRfid</arg>
</arguments>
<status status="PASS" starttime="20190222 15:09:59.025" endtime="20190222 15:09:59.053"></status>
</kw>
<kw name="Input Text" library="Selenium2Library">
<doc>Types the given ``text`` into text field identified by ``locator``.</doc>
<arguments>
<arg>InputRe</arg>
<arg>7777</arg>
</arguments>
<msg timestamp="20190222 15:09:59.054" level="INFO">Typing text '7777' into text field 'InputRe'.</msg>
<status status="PASS" starttime="20190222 15:09:59.053" endtime="20190222 15:09:59.325"></status>
</kw>
<kw name="Input Text" library="Selenium2Library">
<doc>Types the given ``text`` into text field identified by ``locator``.</doc>
<arguments>
<arg>InputRfid</arg>
<arg>1</arg>
</arguments>
<msg timestamp="20190222 15:09:59.326" level="INFO">Typing text '1' into text field 'InputRfid'.</msg>
<status status="PASS" starttime="20190222 15:09:59.326" endtime="20190222 15:09:59.433"></status>
</kw>
<kw name="Wait Until Page Contains Element" library="Selenium2Library">
<doc>Waits until element ``locator`` appears on current page.</doc>
<arguments>
<arg>btnSubmit</arg>
</arguments>
<status status="PASS" starttime="20190222 15:09:59.433" endtime="20190222 15:09:59.456"></status>
</kw>
<kw name="Wait Until Page Contains Element" library="Selenium2Library">
<doc>Waits until element ``locator`` appears on current page.</doc>
<arguments>
<arg>btnCancel</arg>
</arguments>
<status status="PASS" starttime="20190222 15:09:59.457" endtime="20190222 15:09:59.482"></status>
</kw>
<kw name="Click Element" library="Selenium2Library">
<doc>Click element identified by ``locator``.</doc>
<arguments>
<arg>btnSubmit</arg>
</arguments>
<msg timestamp="20190222 15:09:59.483" level="INFO">Clicking element 'btnSubmit'.</msg>
<status status="PASS" starttime="20190222 15:09:59.482" endtime="20190222 15:09:59.595"></status>
</kw>
<kw name="Wait Until Page Contains Element" library="Selenium2Library">
<doc>Waits until element ``locator`` appears on current page.</doc>
<arguments>
<arg>fromSuccess</arg>
</arguments>
<status status="PASS" starttime="20190222 15:09:59.596" endtime="20190222 15:09:59.630"></status>
</kw>
<kw name="Wait Until Page Contains Element" library="Selenium2Library">
<doc>Waits until element ``locator`` appears on current page.</doc>
<arguments>
<arg>btnOK</arg>
</arguments>
<status status="PASS" starttime="20190222 15:09:59.631" endtime="20190222 15:09:59.663"></status>
</kw>
<kw name="Click Element" library="Selenium2Library">
<doc>Click element identified by ``locator``.</doc>
<arguments>
<arg>btnOK</arg>
</arguments>
<msg timestamp="20190222 15:09:59.664" level="INFO">Clicking element 'btnOK'.</msg>
<status status="PASS" starttime="20190222 15:09:59.663" endtime="20190222 15:09:59.777"></status>
</kw>
<kw name="Sleep" library="BuiltIn">
<doc>Pauses the test executed for the given time.</doc>
<arguments>
<arg>0.1s</arg>
</arguments>
<msg timestamp="20190222 15:09:59.878" level="INFO">Slept 100 milliseconds</msg>
<status status="PASS" starttime="20190222 15:09:59.777" endtime="20190222 15:09:59.878"></status>
</kw>
<kw name="Close Browser" library="Selenium2Library" type="teardown">
<doc>Closes the current browser.</doc>
<status status="PASS" starttime="20190222 15:09:59.879" endtime="20190222 15:09:59.969"></status>
</kw>
<status status="PASS" starttime="20190222 15:09:53.498" endtime="20190222 15:09:59.969" critical="yes"></status>
</test>
<test id="s1-t2" name="test clickcheckin">
<kw name="Open Browser" library="Selenium2Library">
<doc>Opens a new browser instance to the given ``url``.</doc>
<arguments>
<arg>http://localhost:3000/car_size=50</arg>
<arg>chrome</arg>
</arguments>
<msg timestamp="20190222 15:09:59.974" level="INFO">Opening browser 'chrome' to base url 'http://localhost:3000/car_size=50'.</msg>
<status status="PASS" starttime="20190222 15:09:59.973" endtime="20190222 15:10:03.900"></status>
</kw>
<kw name="Location Should Be" library="Selenium2Library">
<doc>Verifies that current URL is exactly ``url``.</doc>
<arguments>
<arg>http://localhost:3000/car_size=50</arg>
</arguments>
<msg timestamp="20190222 15:10:03.922" level="INFO">Current location is 'http://localhost:3000/car_size=50'.</msg>
<status status="PASS" starttime="20190222 15:10:03.904" endtime="20190222 15:10:03.923"></status>
</kw>
<kw name="Click Element" library="Selenium2Library">
<doc>Click element identified by ``locator``.</doc>
<arguments>
<arg>checkin</arg>
</arguments>
<msg timestamp="20190222 15:10:03.924" level="INFO">Clicking element 'checkin'.</msg>
<status status="PASS" starttime="20190222 15:10:03.924" endtime="20190222 15:10:04.166"></status>
</kw>
<kw name="Wait Until Page Contains Element" library="Selenium2Library">
<doc>Waits until element ``locator`` appears on current page.</doc>
<arguments>
<arg>fromSubmit</arg>
</arguments>
<status status="PASS" starttime="20190222 15:10:04.166" endtime="20190222 15:10:04.222"></status>
</kw>
<kw name="Wait Until Page Contains Element" library="Selenium2Library">
<doc>Waits until element ``locator`` appears on current page.</doc>
<arguments>
<arg>InputRe</arg>
</arguments>
<status status="PASS" starttime="20190222 15:10:04.222" endtime="20190222 15:10:04.248"></status>
</kw>
<kw name="Wait Until Page Contains Element" library="Selenium2Library">
<doc>Waits until element ``locator`` appears on current page.</doc>
<arguments>
<arg>InputRfid</arg>
</arguments>
<status status="PASS" starttime="20190222 15:10:04.249" endtime="20190222 15:10:04.274"></status>
</kw>
<kw name="Input Text" library="Selenium2Library">
<doc>Types the given ``text`` into text field identified by ``locator``.</doc>
<arguments>
<arg>InputRe</arg>
<arg>7777</arg>
</arguments>
<msg timestamp="20190222 15:10:04.275" level="INFO">Typing text '7777' into text field 'InputRe'.</msg>
<status status="PASS" starttime="20190222 15:10:04.275" endtime="20190222 15:10:04.552"></status>
</kw>
<kw name="Input Text" library="Selenium2Library">
<doc>Types the given ``text`` into text field identified by ``locator``.</doc>
<arguments>
<arg>InputRfid</arg>
<arg>2</arg>
</arguments>
<msg timestamp="20190222 15:10:04.553" level="INFO">Typing text '2' into text field 'InputRfid'.</msg>
<status status="PASS" starttime="20190222 15:10:04.553" endtime="20190222 15:10:04.635"></status>
</kw>
<kw name="Wait Until Page Contains Element" library="Selenium2Library">
<doc>Waits until element ``locator`` appears on current page.</doc>
<arguments>
<arg>btnSubmit</arg>
</arguments>
<status status="PASS" starttime="20190222 15:10:04.635" endtime="20190222 15:10:04.668"></status>
</kw>
<kw name="Wait Until Page Contains Element" library="Selenium2Library">
<doc>Waits until element ``locator`` appears on current page.</doc>
<arguments>
<arg>btnCancel</arg>
</arguments>
<status status="PASS" starttime="20190222 15:10:04.669" endtime="20190222 15:10:04.691"></status>
</kw>
<kw name="Click Element" library="Selenium2Library">
<doc>Click element identified by ``locator``.</doc>
<arguments>
<arg>btnSubmit</arg>
</arguments>
<msg timestamp="20190222 15:10:04.692" level="INFO">Clicking element 'btnSubmit'.</msg>
<status status="PASS" starttime="20190222 15:10:04.691" endtime="20190222 15:10:04.802"></status>
</kw>
<kw name="Wait Until Page Contains Element" library="Selenium2Library">
<doc>Waits until element ``locator`` appears on current page.</doc>
<arguments>
<arg>Warning</arg>
</arguments>
<kw name="Capture Page Screenshot" library="Selenium2Library">
<doc>Takes screenshot of the current page and embeds it into log file.</doc>
<msg timestamp="20190222 15:10:10.618" level="INFO" html="yes">&lt;/td&gt;&lt;/tr&gt;&lt;tr&gt;&lt;td colspan="3"&gt;&lt;a href="selenium-screenshot-3.png"&gt;&lt;img src="selenium-screenshot-3.png" width="800px"&gt;&lt;/a&gt;</msg>
<status status="PASS" starttime="20190222 15:10:09.930" endtime="20190222 15:10:10.618"></status>
</kw>
<msg timestamp="20190222 15:10:10.621" level="FAIL">Element 'Warning' did not appear in 5 seconds.</msg>
<status status="FAIL" starttime="20190222 15:10:04.803" endtime="20190222 15:10:10.621"></status>
</kw>
<kw name="Close Browser" library="Selenium2Library" type="teardown">
<doc>Closes the current browser.</doc>
<status status="PASS" starttime="20190222 15:10:10.622" endtime="20190222 15:10:10.822"></status>
</kw>
<status status="FAIL" starttime="20190222 15:09:59.972" endtime="20190222 15:10:10.822" critical="yes">Element 'Warning' did not appear in 5 seconds.</status>
</test>
<status status="FAIL" starttime="20190222 15:09:53.122" endtime="20190222 15:10:10.824"></status>
</suite>
<statistics>
<total>
<stat pass="1" fail="1">Critical Tests</stat>
<stat pass="1" fail="1">All Tests</stat>
</total>
<tag>
</tag>
<suite>
<stat pass="1" fail="1" id="s1" name="Checkin">Checkin</stat>
</suite>
</statistics>
<errors>
<msg timestamp="20190222 15:09:59.971" level="WARN">Multiple test cases with name 'test clickcheckin' executed in test suite 'Checkin'.</msg>
</errors>
</robot>
