<?xml version="1.0" encoding="UTF-8"?>
<coverage generated="1550827794406" clover="3.2.0">
  <project timestamp="1550827794406" name="All files">
    <metrics statements="38" coveredstatements="30" conditionals="4" coveredconditionals="2" methods="22" coveredmethods="19" elements="64" coveredelements="51" complexity="0" loc="38" ncloc="38" packages="2" files="5" classes="5">
      <package name="src">
        <metrics statements="5" coveredstatements="1" conditionals="0" coveredconditionals="0" methods="0" coveredmethods="0"/>
        <file name="index.js" path="/Users/spartar/Documents/ProjectApplication/test1/cartacking/src/index.js">
          <metrics statements="4" coveredstatements="0" conditionals="0" coveredconditionals="0" methods="0" coveredmethods="0"/>
          <line num="1" count="0" type="stmt"/>
          <line num="2" count="0" type="stmt"/>
          <line num="3" count="0" type="stmt"/>
          <line num="4" count="0" type="stmt"/>
        </file>
        <file name="setupTests.js" path="/Users/spartar/Documents/ProjectApplication/test1/cartacking/src/setupTests.js">
          <metrics statements="1" coveredstatements="1" conditionals="0" coveredconditionals="0" methods="0" coveredmethods="0"/>
          <line num="4" count="3" type="stmt"/>
        </file>
      </package>
      <package name="src.components">
        <metrics statements="33" coveredstatements="29" conditionals="4" coveredconditionals="2" methods="22" coveredmethods="19"/>
        <file name="MainPage.js" path="/Users/spartar/Documents/ProjectApplication/test1/cartacking/src/components/MainPage.js">
          <metrics statements="17" coveredstatements="13" conditionals="4" coveredconditionals="2" methods="10" coveredmethods="7"/>
          <line num="27" count="5" type="stmt"/>
          <line num="28" count="5" type="stmt"/>
          <line num="40" count="5" type="stmt"/>
          <line num="41" count="5" type="stmt"/>
          <line num="42" count="5" type="cond" truecount="1" falsecount="1"/>
          <line num="43" count="0" type="stmt"/>
          <line num="45" count="5" type="stmt"/>
          <line num="50" count="1" type="stmt"/>
          <line num="54" count="1" type="stmt"/>
          <line num="55" count="1" type="stmt"/>
          <line num="59" count="1" type="stmt"/>
          <line num="63" count="13" type="stmt"/>
          <line num="64" count="13" type="stmt"/>
          <line num="71" count="1" type="stmt"/>
          <line num="76" count="0" type="stmt"/>
          <line num="77" count="0" type="stmt"/>
          <line num="81" count="0" type="stmt"/>
        </file>
        <file name="ModalSubmit.js" path="/Users/spartar/Documents/ProjectApplication/test1/cartacking/src/components/ModalSubmit.js">
          <metrics statements="11" coveredstatements="11" conditionals="0" coveredconditionals="0" methods="9" coveredmethods="9"/>
          <line num="23" count="6" type="stmt"/>
          <line num="24" count="6" type="stmt"/>
          <line num="31" count="1" type="stmt"/>
          <line num="34" count="1" type="stmt"/>
          <line num="37" count="8" type="stmt"/>
          <line num="38" count="8" type="stmt"/>
          <line num="48" count="1" type="stmt"/>
          <line num="54" count="1" type="stmt"/>
          <line num="55" count="1" type="stmt"/>
          <line num="58" count="1" type="stmt"/>
          <line num="59" count="1" type="stmt"/>
        </file>
        <file name="ModalSuccess.js" path="/Users/spartar/Documents/ProjectApplication/test1/cartacking/src/components/ModalSuccess.js">
          <metrics statements="5" coveredstatements="5" conditionals="0" coveredconditionals="0" methods="3" coveredmethods="3"/>
          <line num="22" count="2" type="stmt"/>
          <line num="23" count="2" type="stmt"/>
          <line num="59" count="2" type="stmt"/>
          <line num="60" count="2" type="stmt"/>
          <line num="70" count="1" type="stmt"/>
        </file>
      </package>
    </metrics>
  </project>
</coverage>
