<?xml version="1.0" encoding="UTF-8"?>
<coverage generated="1550822524493" clover="3.2.0">
  <project timestamp="1550822524493" name="All files">
    <metrics statements="35" coveredstatements="26" conditionals="0" coveredconditionals="0" methods="22" coveredmethods="17" elements="57" coveredelements="43" complexity="0" loc="35" ncloc="35" packages="2" files="5" classes="5">
      <package name="src">
        <metrics statements="5" coveredstatements="1" conditionals="0" coveredconditionals="0" methods="0" coveredmethods="0"/>
        <file name="index.js" path="/Users/spartar/Documents/ProjectApplication/test1/cartacking/src/index.js">
          <metrics statements="4" coveredstatements="0" conditionals="0" coveredconditionals="0" methods="0" coveredmethods="0"/>
          <line num="1" count="0" type="stmt"/>
          <line num="2" count="0" type="stmt"/>
          <line num="3" count="0" type="stmt"/>
          <line num="4" count="0" type="stmt"/>
        </file>
        <file name="setupTests.js" path="/Users/spartar/Documents/ProjectApplication/test1/cartacking/src/setupTests.js">
          <metrics statements="1" coveredstatements="1" conditionals="0" coveredconditionals="0" methods="0" coveredmethods="0"/>
          <line num="4" count="3" type="stmt"/>
        </file>
      </package>
      <package name="src.components">
        <metrics statements="30" coveredstatements="25" conditionals="0" coveredconditionals="0" methods="22" coveredmethods="17"/>
        <file name="MainPage.js" path="/Users/spartar/Documents/ProjectApplication/test1/cartacking/src/components/MainPage.js">
          <metrics statements="14" coveredstatements="11" conditionals="0" coveredconditionals="0" methods="10" coveredmethods="7"/>
          <line num="26" count="4" type="stmt"/>
          <line num="27" count="4" type="stmt"/>
          <line num="38" count="4" type="stmt"/>
          <line num="39" count="4" type="stmt"/>
          <line num="43" count="1" type="stmt"/>
          <line num="47" count="1" type="stmt"/>
          <line num="48" count="1" type="stmt"/>
          <line num="52" count="1" type="stmt"/>
          <line num="56" count="7" type="stmt"/>
          <line num="57" count="7" type="stmt"/>
          <line num="63" count="1" type="stmt"/>
          <line num="67" count="0" type="stmt"/>
          <line num="68" count="0" type="stmt"/>
          <line num="72" count="0" type="stmt"/>
        </file>
        <file name="ModalSubmit.js" path="/Users/spartar/Documents/ProjectApplication/test1/cartacking/src/components/ModalSubmit.js">
          <metrics statements="11" coveredstatements="9" conditionals="0" coveredconditionals="0" methods="9" coveredmethods="7"/>
          <line num="23" count="5" type="stmt"/>
          <line num="24" count="5" type="stmt"/>
          <line num="31" count="1" type="stmt"/>
          <line num="34" count="1" type="stmt"/>
          <line num="37" count="7" type="stmt"/>
          <line num="38" count="7" type="stmt"/>
          <line num="48" count="1" type="stmt"/>
          <line num="54" count="0" type="stmt"/>
          <line num="55" count="0" type="stmt"/>
          <line num="58" count="1" type="stmt"/>
          <line num="59" count="1" type="stmt"/>
        </file>
        <file name="ModalSuccess.js" path="/Users/spartar/Documents/ProjectApplication/test1/cartacking/src/components/ModalSuccess.js">
          <metrics statements="5" coveredstatements="5" conditionals="0" coveredconditionals="0" methods="3" coveredmethods="3"/>
          <line num="22" count="2" type="stmt"/>
          <line num="23" count="2" type="stmt"/>
          <line num="59" count="2" type="stmt"/>
          <line num="60" count="2" type="stmt"/>
          <line num="70" count="1" type="stmt"/>
        </file>
      </package>
    </metrics>
  </project>
</coverage>
