{"/home/ubuntu/projects/tdd/test1/src/App.js": {"path":"/home/ubuntu/projects/tdd/test1/src/App.js","statementMap":{"0":{"start":{"line":6,"column":4},"end":{"line":6,"column":17}},"1":{"start":{"line":7,"column":4},"end":{"line":13,"column":5}},"2":{"start":{"line":17,"column":4},"end":{"line":23,"column":8}},"3":{"start":{"line":28,"column":4},"end":{"line":32,"column":6}},"4":{"start":{"line":29,"column":6},"end":{"line":31,"column":7}},"5":{"start":{"line":43,"column":4},"end":{"line":52,"column":6}}},"fnMap":{"0":{"name":"(anonymous_0)","decl":{"start":{"line":5,"column":2},"end":{"line":5,"column":3}},"loc":{"start":{"line":5,"column":21},"end":{"line":14,"column":3}},"line":5},"1":{"name":"(anonymous_1)","decl":{"start":{"line":16,"column":2},"end":{"line":16,"column":3}},"loc":{"start":{"line":16,"column":22},"end":{"line":24,"column":5}},"line":16},"2":{"name":"(anonymous_2)","decl":{"start":{"line":27,"column":2},"end":{"line":27,"column":3}},"loc":{"start":{"line":27,"column":32},"end":{"line":33,"column":3}},"line":27},"3":{"name":"(anonymous_3)","decl":{"start":{"line":28,"column":18},"end":{"line":28,"column":19}},"loc":{"start":{"line":28,"column":31},"end":{"line":32,"column":5}},"line":28},"4":{"name":"(anonymous_4)","decl":{"start":{"line":42,"column":2},"end":{"line":42,"column":3}},"loc":{"start":{"line":42,"column":11},"end":{"line":53,"column":3}},"line":42}},"branchMap":{},"s":{"0":2,"1":2,"2":2,"3":1,"4":1,"5":5},"f":{"0":2,"1":2,"2":1,"3":1,"4":5},"b":{},"_coverageSchema":"332fd63041d2c1bcb487cc26dd0d5f7d97098a6c","hash":"3a01b44802530908dee26a7f1f43a968d3e8b6dd"}
,"/home/ubuntu/projects/tdd/test1/src/index.js": {"path":"/home/ubuntu/projects/tdd/test1/src/index.js","statementMap":{"0":{"start":{"line":1,"column":0},"end":{"line":null,"column":-1}},"1":{"start":{"line":2,"column":0},"end":{"line":null,"column":-1}},"2":{"start":{"line":3,"column":0},"end":{"line":null,"column":-1}},"3":{"start":{"line":4,"column":0},"end":{"line":null,"column":-1}}},"fnMap":{},"branchMap":{},"s":{"0":0,"1":0,"2":0,"3":0},"f":{},"b":{}}
,"/home/ubuntu/projects/tdd/test1/src/setupTests.js": {"path":"/home/ubuntu/projects/tdd/test1/src/setupTests.js","statementMap":{"0":{"start":{"line":4,"column":0},"end":{"line":4,"column":38}}},"fnMap":{},"branchMap":{},"s":{"0":2},"f":{},"b":{},"_coverageSchema":"332fd63041d2c1bcb487cc26dd0d5f7d97098a6c","hash":"9c2d3f43994d36ac463cc8cf310ce907c24c3ba2"}
,"/home/ubuntu/projects/tdd/test1/src/components/ProductList.js": {"path":"/home/ubuntu/projects/tdd/test1/src/components/ProductList.js","statementMap":{"0":{"start":{"line":5,"column":2},"end":{"line":15,"column":3}},"1":{"start":{"line":9,"column":10},"end":{"line":11,"column":15}},"2":{"start":{"line":9,"column":46},"end":{"line":9,"column":76}},"3":{"start":{"line":17,"column":0},"end":{"line":20,"column":1}}},"fnMap":{"0":{"name":"ProductList","decl":{"start":{"line":4,"column":9},"end":{"line":4,"column":20}},"loc":{"start":{"line":4,"column":29},"end":{"line":16,"column":1}},"line":4},"1":{"name":"(anonymous_1)","decl":{"start":{"line":8,"column":27},"end":{"line":8,"column":28}},"loc":{"start":{"line":9,"column":10},"end":{"line":11,"column":15}},"line":9},"2":{"name":"(anonymous_2)","decl":{"start":{"line":9,"column":40},"end":{"line":9,"column":41}},"loc":{"start":{"line":9,"column":46},"end":{"line":9,"column":76}},"line":9}},"branchMap":{},"s":{"0":6,"1":16,"2":1,"3":2},"f":{"0":6,"1":16,"2":1},"b":{},"_coverageSchema":"332fd63041d2c1bcb487cc26dd0d5f7d97098a6c","hash":"b52ab98f64ecc51fb99be69fa1cbf1b50f1cc859"}
}
