{"/Users/spartar/Documents/ProjectApplication/test1/cartacking/src/index.js": {"path":"/Users/spartar/Documents/ProjectApplication/test1/cartacking/src/index.js","statementMap":{"0":{"start":{"line":1,"column":0},"end":{"line":null,"column":-1}},"1":{"start":{"line":2,"column":0},"end":{"line":null,"column":-1}},"2":{"start":{"line":3,"column":0},"end":{"line":null,"column":-1}},"3":{"start":{"line":4,"column":0},"end":{"line":null,"column":-1}}},"fnMap":{},"branchMap":{},"s":{"0":0,"1":0,"2":0,"3":0},"f":{},"b":{}}
,"/Users/spartar/Documents/ProjectApplication/test1/cartacking/src/setupTests.js": {"path":"/Users/spartar/Documents/ProjectApplication/test1/cartacking/src/setupTests.js","statementMap":{"0":{"start":{"line":4,"column":0},"end":{"line":4,"column":38}}},"fnMap":{},"branchMap":{},"s":{"0":3},"f":{},"b":{},"_coverageSchema":"332fd63041d2c1bcb487cc26dd0d5f7d97098a6c","hash":"997df5ab46fadd5e8b16b48dbeffb38435bfa46a"}
,"/Users/spartar/Documents/ProjectApplication/test1/cartacking/src/components/MainPage.js": {"path":"/Users/spartar/Documents/ProjectApplication/test1/cartacking/src/components/MainPage.js","statementMap":{"0":{"start":{"line":26,"column":8},"end":{"line":26,"column":21}},"1":{"start":{"line":27,"column":8},"end":{"line":31,"column":9}},"2":{"start":{"line":38,"column":15},"end":{"line":38,"column":44}},"3":{"start":{"line":39,"column":5},"end":{"line":39,"column":15}},"4":{"start":{"line":43,"column":8},"end":{"line":43,"column":42}},"5":{"start":{"line":47,"column":27},"end":{"line":47,"column":37}},"6":{"start":{"line":48,"column":8},"end":{"line":48,"column":73}},"7":{"start":{"line":52,"column":8},"end":{"line":52,"column":64}},"8":{"start":{"line":56,"column":43},"end":{"line":56,"column":53}},"9":{"start":{"line":57,"column":8},"end":{"line":78,"column":10}},"10":{"start":{"line":63,"column":34},"end":{"line":63,"column":59}},"11":{"start":{"line":67,"column":36},"end":{"line":67,"column":71}},"12":{"start":{"line":68,"column":37},"end":{"line":68,"column":51}},"13":{"start":{"line":72,"column":38},"end":{"line":72,"column":53}}},"fnMap":{"0":{"name":"(anonymous_0)","decl":{"start":{"line":25,"column":4},"end":{"line":25,"column":5}},"loc":{"start":{"line":25,"column":23},"end":{"line":32,"column":5}},"line":25},"1":{"name":"(anonymous_1)","decl":{"start":{"line":37,"column":4},"end":{"line":37,"column":5}},"loc":{"start":{"line":37,"column":30},"end":{"line":40,"column":5}},"line":37},"2":{"name":"(anonymous_2)","decl":{"start":{"line":42,"column":4},"end":{"line":42,"column":5}},"loc":{"start":{"line":42,"column":25},"end":{"line":44,"column":5}},"line":42},"3":{"name":"(anonymous_3)","decl":{"start":{"line":46,"column":4},"end":{"line":46,"column":5}},"loc":{"start":{"line":46,"column":20},"end":{"line":50,"column":5}},"line":46},"4":{"name":"(anonymous_4)","decl":{"start":{"line":51,"column":4},"end":{"line":51,"column":5}},"loc":{"start":{"line":51,"column":21},"end":{"line":53,"column":5}},"line":51},"5":{"name":"(anonymous_5)","decl":{"start":{"line":55,"column":4},"end":{"line":55,"column":5}},"loc":{"start":{"line":55,"column":13},"end":{"line":79,"column":5}},"line":55},"6":{"name":"(anonymous_6)","decl":{"start":{"line":63,"column":29},"end":{"line":63,"column":30}},"loc":{"start":{"line":63,"column":34},"end":{"line":63,"column":59}},"line":63},"7":{"name":"(anonymous_7)","decl":{"start":{"line":67,"column":29},"end":{"line":67,"column":30}},"loc":{"start":{"line":67,"column":36},"end":{"line":67,"column":71}},"line":67},"8":{"name":"(anonymous_8)","decl":{"start":{"line":68,"column":30},"end":{"line":68,"column":31}},"loc":{"start":{"line":68,"column":37},"end":{"line":68,"column":51}},"line":68},"9":{"name":"(anonymous_9)","decl":{"start":{"line":72,"column":31},"end":{"line":72,"column":32}},"loc":{"start":{"line":72,"column":38},"end":{"line":72,"column":53}},"line":72}},"branchMap":{},"s":{"0":4,"1":4,"2":4,"3":4,"4":1,"5":1,"6":1,"7":1,"8":7,"9":7,"10":1,"11":0,"12":0,"13":0},"f":{"0":4,"1":4,"2":1,"3":1,"4":1,"5":7,"6":1,"7":0,"8":0,"9":0},"b":{},"_coverageSchema":"332fd63041d2c1bcb487cc26dd0d5f7d97098a6c","hash":"5dca133810f427cce201f2e06675bb0fdd8bcfb0"}
,"/Users/spartar/Documents/ProjectApplication/test1/cartacking/src/components/ModalSubmit.js": {"path":"/Users/spartar/Documents/ProjectApplication/test1/cartacking/src/components/ModalSubmit.js","statementMap":{"0":{"start":{"line":23,"column":8},"end":{"line":23,"column":21}},"1":{"start":{"line":24,"column":8},"end":{"line":28,"column":9}},"2":{"start":{"line":31,"column":8},"end":{"line":31,"column":40}},"3":{"start":{"line":34,"column":8},"end":{"line":34,"column":44}},"4":{"start":{"line":37,"column":56},"end":{"line":37,"column":66}},"5":{"start":{"line":38,"column":8},"end":{"line":67,"column":10}},"6":{"start":{"line":48,"column":42},"end":{"line":48,"column":52}},"7":{"start":{"line":54,"column":53},"end":{"line":54,"column":78}},"8":{"start":{"line":55,"column":53},"end":{"line":55,"column":80}},"9":{"start":{"line":58,"column":77},"end":{"line":58,"column":87}},"10":{"start":{"line":59,"column":77},"end":{"line":59,"column":87}}},"fnMap":{"0":{"name":"(anonymous_0)","decl":{"start":{"line":22,"column":4},"end":{"line":22,"column":5}},"loc":{"start":{"line":22,"column":23},"end":{"line":29,"column":5}},"line":22},"1":{"name":"(anonymous_1)","decl":{"start":{"line":30,"column":4},"end":{"line":30,"column":5}},"loc":{"start":{"line":30,"column":27},"end":{"line":32,"column":5}},"line":30},"2":{"name":"(anonymous_2)","decl":{"start":{"line":33,"column":4},"end":{"line":33,"column":5}},"loc":{"start":{"line":33,"column":31},"end":{"line":35,"column":5}},"line":33},"3":{"name":"(anonymous_3)","decl":{"start":{"line":36,"column":4},"end":{"line":36,"column":5}},"loc":{"start":{"line":36,"column":13},"end":{"line":68,"column":5}},"line":36},"4":{"name":"(anonymous_4)","decl":{"start":{"line":48,"column":33},"end":{"line":48,"column":34}},"loc":{"start":{"line":48,"column":40},"end":{"line":48,"column":54}},"line":48},"5":{"name":"(anonymous_5)","decl":{"start":{"line":54,"column":45},"end":{"line":54,"column":46}},"loc":{"start":{"line":54,"column":53},"end":{"line":54,"column":78}},"line":54},"6":{"name":"(anonymous_6)","decl":{"start":{"line":55,"column":45},"end":{"line":55,"column":46}},"loc":{"start":{"line":55,"column":53},"end":{"line":55,"column":80}},"line":55},"7":{"name":"(anonymous_7)","decl":{"start":{"line":58,"column":68},"end":{"line":58,"column":69}},"loc":{"start":{"line":58,"column":75},"end":{"line":58,"column":89}},"line":58},"8":{"name":"(anonymous_8)","decl":{"start":{"line":59,"column":68},"end":{"line":59,"column":69}},"loc":{"start":{"line":59,"column":75},"end":{"line":59,"column":89}},"line":59}},"branchMap":{},"s":{"0":5,"1":5,"2":1,"3":1,"4":7,"5":7,"6":1,"7":0,"8":0,"9":1,"10":1},"f":{"0":5,"1":1,"2":1,"3":7,"4":1,"5":0,"6":0,"7":1,"8":1},"b":{},"_coverageSchema":"332fd63041d2c1bcb487cc26dd0d5f7d97098a6c","hash":"b4239a9803f789ce0c88a1b9cdbc356c9d7edbf5"}
,"/Users/spartar/Documents/ProjectApplication/test1/cartacking/src/components/ModalSuccess.js": {"path":"/Users/spartar/Documents/ProjectApplication/test1/cartacking/src/components/ModalSuccess.js","statementMap":{"0":{"start":{"line":22,"column":8},"end":{"line":22,"column":21}},"1":{"start":{"line":23,"column":8},"end":{"line":27,"column":9}},"2":{"start":{"line":59,"column":38},"end":{"line":59,"column":48}},"3":{"start":{"line":60,"column":8},"end":{"line":77,"column":10}},"4":{"start":{"line":70,"column":54},"end":{"line":70,"column":66}}},"fnMap":{"0":{"name":"(anonymous_0)","decl":{"start":{"line":21,"column":4},"end":{"line":21,"column":5}},"loc":{"start":{"line":21,"column":23},"end":{"line":28,"column":5}},"line":21},"1":{"name":"(anonymous_1)","decl":{"start":{"line":58,"column":4},"end":{"line":58,"column":5}},"loc":{"start":{"line":58,"column":13},"end":{"line":78,"column":5}},"line":58},"2":{"name":"(anonymous_2)","decl":{"start":{"line":70,"column":45},"end":{"line":70,"column":46}},"loc":{"start":{"line":70,"column":52},"end":{"line":70,"column":68}},"line":70}},"branchMap":{},"s":{"0":2,"1":2,"2":2,"3":2,"4":1},"f":{"0":2,"1":2,"2":1},"b":{},"_coverageSchema":"332fd63041d2c1bcb487cc26dd0d5f7d97098a6c","hash":"db08119bb02a32f11164080d559f40736d5904ef"}
}
