TN:
SF:/Users/spartar/Documents/ProjectApplication/test1/cartacking/src/index.js
FNF:0
FNH:0
DA:1,0
DA:2,0
DA:3,0
DA:4,0
LF:4
LH:0
BRF:0
BRH:0
end_of_record
TN:
SF:/Users/spartar/Documents/ProjectApplication/test1/cartacking/src/setupTests.js
FNF:0
FNH:0
DA:4,3
LF:1
LH:1
BRF:0
BRH:0
end_of_record
TN:
SF:/Users/spartar/Documents/ProjectApplication/test1/cartacking/src/components/MainPage.js
FN:26,(anonymous_0)
FN:39,(anonymous_1)
FN:49,(anonymous_2)
FN:53,(anonymous_3)
FN:58,(anonymous_4)
FN:62,(anonymous_5)
FN:71,(anonymous_6)
FN:76,(anonymous_7)
FN:77,(anonymous_8)
FN:81,(anonymous_9)
FNF:10
FNH:7
FNDA:5,(anonymous_0)
FNDA:5,(anonymous_1)
FNDA:1,(anonymous_2)
FNDA:1,(anonymous_3)
FNDA:1,(anonymous_4)
FNDA:13,(anonymous_5)
FNDA:1,(anonymous_6)
FNDA:0,(anonymous_7)
FNDA:0,(anonymous_8)
FNDA:0,(anonymous_9)
DA:27,5
DA:28,5
DA:40,5
DA:41,5
DA:42,5
DA:43,0
DA:45,5
DA:50,1
DA:54,1
DA:55,1
DA:59,1
DA:63,13
DA:64,13
DA:71,1
DA:76,0
DA:77,0
DA:81,0
LF:17
LH:13
BRDA:42,0,0,0
BRDA:42,0,1,5
BRDA:67,1,0,13
BRDA:67,1,1,0
BRF:4
BRH:2
end_of_record
TN:
SF:/Users/spartar/Documents/ProjectApplication/test1/cartacking/src/components/ModalSubmit.js
FN:22,(anonymous_0)
FN:30,(anonymous_1)
FN:33,(anonymous_2)
FN:36,(anonymous_3)
FN:48,(anonymous_4)
FN:54,(anonymous_5)
FN:55,(anonymous_6)
FN:58,(anonymous_7)
FN:59,(anonymous_8)
FNF:9
FNH:9
FNDA:6,(anonymous_0)
FNDA:1,(anonymous_1)
FNDA:1,(anonymous_2)
FNDA:8,(anonymous_3)
FNDA:1,(anonymous_4)
FNDA:1,(anonymous_5)
FNDA:1,(anonymous_6)
FNDA:1,(anonymous_7)
FNDA:1,(anonymous_8)
DA:23,6
DA:24,6
DA:31,1
DA:34,1
DA:37,8
DA:38,8
DA:48,1
DA:54,1
DA:55,1
DA:58,1
DA:59,1
LF:11
LH:11
BRF:0
BRH:0
end_of_record
TN:
SF:/Users/spartar/Documents/ProjectApplication/test1/cartacking/src/components/ModalSuccess.js
FN:21,(anonymous_0)
FN:58,(anonymous_1)
FN:70,(anonymous_2)
FNF:3
FNH:3
FNDA:2,(anonymous_0)
FNDA:2,(anonymous_1)
FNDA:1,(anonymous_2)
DA:22,2
DA:23,2
DA:59,2
DA:60,2
DA:70,1
LF:5
LH:5
BRF:0
BRH:0
end_of_record
