TN:
SF:/home/ubuntu/projects/tdd/test1/src/App.js
FN:5,(anonymous_0)
FN:16,(anonymous_1)
FN:27,(anonymous_2)
FN:28,(anonymous_3)
FN:42,(anonymous_4)
FNF:5
FNH:5
FNDA:2,(anonymous_0)
FNDA:2,(anonymous_1)
FNDA:1,(anonymous_2)
FNDA:1,(anonymous_3)
FNDA:5,(anonymous_4)
DA:6,2
DA:7,2
DA:17,2
DA:28,1
DA:29,1
DA:43,5
LF:6
LH:6
BRF:0
BRH:0
end_of_record
TN:
SF:/home/ubuntu/projects/tdd/test1/src/index.js
FNF:0
FNH:0
DA:1,0
DA:2,0
DA:3,0
DA:4,0
LF:4
LH:0
BRF:0
BRH:0
end_of_record
TN:
SF:/home/ubuntu/projects/tdd/test1/src/setupTests.js
FNF:0
FNH:0
DA:4,2
LF:1
LH:1
BRF:0
BRH:0
end_of_record
TN:
SF:/home/ubuntu/projects/tdd/test1/src/components/ProductList.js
FN:4,ProductList
FN:8,(anonymous_1)
FN:9,(anonymous_2)
FNF:3
FNH:3
FNDA:6,ProductList
FNDA:16,(anonymous_1)
FNDA:1,(anonymous_2)
DA:5,6
DA:9,16
DA:17,2
LF:3
LH:3
BRF:0
BRH:0
end_of_record
